  file_create.c
C:\Users\miros\Documents\Code\DIT632_lecture_3\file_create.c(32,19): warning C4047: 'function': 'const char *' differs in levels of indirection from 'char (*)[20]'
C:\Users\miros\Documents\Code\DIT632_lecture_3\file_create.c(32,9): warning C4024: 'fputs': different types for formal and actual parameter 1
C:\Users\miros\Documents\Code\DIT632_lecture_3\file_create.c(17,18): error C4996: 'fopen': This function or variable may be unsafe. Consider using fopen_s instead. To disable deprecation, use _CRT_SECURE_NO_WARNINGS. See online help for details.
  file_sockets_client.c
C:\Users\miros\Documents\Code\DIT632_lecture_3\file_sockets_client.c(14,14): fatal  error C1083: Cannot open include file: 'sys/socket.h': No such file or directory
  file_sockets_client_struct.c
C:\Users\miros\Documents\Code\DIT632_lecture_3\file_sockets_client_struct.c(19,10): fatal  error C1083: Cannot open include file: 'sys/socket.h': No such file or directory
  file_sockets_server.c
C:\Users\miros\Documents\Code\DIT632_lecture_3\file_sockets_server.c(17,14): fatal  error C1083: Cannot open include file: 'sys/socket.h': No such file or directory
  file_sockets_server_struct.c
C:\Users\miros\Documents\Code\DIT632_lecture_3\file_sockets_server_struct.c(21,10): fatal  error C1083: Cannot open include file: 'sys/socket.h': No such file or directory
  google_test.c
C:\Users\miros\Documents\Code\DIT632_lecture_3\google_test.c(47,20): warning C4244: '=': conversion from 'SOCKET' to 'int', possible loss of data
C:\Users\miros\Documents\Code\DIT632_lecture_3\google_test.c(72,35): warning C4267: 'function': conversion from 'size_t' to 'int', possible loss of data
C:\Users\miros\Documents\Code\DIT632_lecture_3\google_test.c(48,68): error C4996: 'strerror': This function or variable may be unsafe. Consider using strerror_s instead. To disable deprecation, use _CRT_SECURE_NO_WARNINGS. See online help for details.
C:\Users\miros\Documents\Code\DIT632_lecture_3\google_test.c(57,34): error C4996: 'inet_addr': Use inet_pton() or InetPton() instead or define _WINSOCK_DEPRECATED_NO_WARNINGS to disable deprecated API warnings
C:\Users\miros\Documents\Code\DIT632_lecture_3\google_test.c(63,71): error C4996: 'strerror': This function or variable may be unsafe. Consider using strerror_s instead. To disable deprecation, use _CRT_SECURE_NO_WARNINGS. See online help for details.
C:\Users\miros\Documents\Code\DIT632_lecture_3\google_test.c(69,5): error C4996: 'strcpy': This function or variable may be unsafe. Consider using strcpy_s instead. To disable deprecation, use _CRT_SECURE_NO_WARNINGS. See online help for details.
C:\Users\miros\Documents\Code\DIT632_lecture_3\google_test.c(73,81): error C4996: 'strerror': This function or variable may be unsafe. Consider using strerror_s instead. To disable deprecation, use _CRT_SECURE_NO_WARNINGS. See online help for details.
C:\Users\miros\Documents\Code\DIT632_lecture_3\google_test.c(83,100): error C4996: 'strerror': This function or variable may be unsafe. Consider using strerror_s instead. To disable deprecation, use _CRT_SECURE_NO_WARNINGS. See online help for details.
  main.c
C:\Users\miros\Documents\Code\DIT632_lecture_3\main.c(11,2): warning C4013: 'demo_file_create' undefined; assuming extern returning int
  read_binary_file.c
C:\Users\miros\Documents\Code\DIT632_lecture_3\read_binary_file.c(19,18): error C4996: 'fopen': This function or variable may be unsafe. Consider using fopen_s instead. To disable deprecation, use _CRT_SECURE_NO_WARNINGS. See online help for details.
  Generating Code...
