  basics.c
C:\Users\miros\Documents\Code\DIT632_multithreading\basics.c(85,55): warning C4047: '=': 'HANDLE' differs in levels of indirection from 'uintptr_t'
C:\Users\miros\Documents\Code\DIT632_multithreading\basics.c(86,55): warning C4047: '=': 'HANDLE' differs in levels of indirection from 'uintptr_t'
C:\Users\miros\Documents\Code\DIT632_multithreading\basics.c(87,55): warning C4047: '=': 'HANDLE' differs in levels of indirection from 'uintptr_t'
C:\Users\miros\Documents\Code\DIT632_multithreading\basics.c(88,55): warning C4047: '=': 'HANDLE' differs in levels of indirection from 'uintptr_t'
  basics_processes.c
  basics_semaphores.c
C:\Users\miros\Documents\Code\DIT632_multithreading\basics_semaphores.c(125,59): warning C4047: '=': 'HANDLE' differs in levels of indirection from 'uintptr_t'
C:\Users\miros\Documents\Code\DIT632_multithreading\basics_semaphores.c(126,59): warning C4047: '=': 'HANDLE' differs in levels of indirection from 'uintptr_t'
C:\Users\miros\Documents\Code\DIT632_multithreading\basics_semaphores.c(127,59): warning C4047: '=': 'HANDLE' differs in levels of indirection from 'uintptr_t'
C:\Users\miros\Documents\Code\DIT632_multithreading\basics_semaphores.c(128,59): warning C4047: '=': 'HANDLE' differs in levels of indirection from 'uintptr_t'
  basic_processes_posix.c
C:\Users\miros\Documents\Code\DIT632_multithreading\basic_processes_posix.c(10,10): fatal  error C1083: Cannot open include file: 'unistd.h': No such file or directory
  basic_process_spawn_windows.c
  main.c
C:\Users\miros\Documents\Code\DIT632_multithreading\main.c(14,2): warning C4013: 'main_spawn' undefined; assuming extern returning int
  pThreadExample.c
C:\Users\miros\Documents\Code\DIT632_multithreading\pThreadExample.c(11,10): fatal  error C1083: Cannot open include file: 'pthread.h': No such file or directory
  pThreadExample_failsafe.c
C:\Users\miros\Documents\Code\DIT632_multithreading\pThreadExample_failsafe.c(11,10): fatal  error C1083: Cannot open include file: 'pthread.h': No such file or directory
  semaphores_posix_example.c
C:\Users\miros\Documents\Code\DIT632_multithreading\semaphores_posix_example.c(11,10): fatal  error C1083: Cannot open include file: 'pthread.h': No such file or directory
  semaphore_example_visual_studio_docs.c
  Generating Code...
