c:\users\miros\documents\code\dit632_multithreading\debug\vc143.pdb
c:\users\miros\documents\code\dit632_multithreading\debug\vc143.idb
c:\users\miros\documents\code\dit632_multithreading\debug\semaphore_example_visual_studio_docs.obj
c:\users\miros\documents\code\dit632_multithreading\debug\semaphores_posix_example.obj
c:\users\miros\documents\code\dit632_multithreading\debug\pthreadexample_failsafe.obj
c:\users\miros\documents\code\dit632_multithreading\debug\pthreadexample.obj
c:\users\miros\documents\code\dit632_multithreading\debug\main.obj
c:\users\miros\documents\code\dit632_multithreading\debug\basic_process_spawn_windows.obj
c:\users\miros\documents\code\dit632_multithreading\debug\basic_processes_posix.obj
c:\users\miros\documents\code\dit632_multithreading\debug\basics_semaphores.obj
c:\users\miros\documents\code\dit632_multithreading\debug\basics_processes.obj
c:\users\miros\documents\code\dit632_multithreading\debug\basics.obj
c:\users\miros\documents\code\dit632_multithreading\debug\mt.exe
c:\users\miros\documents\code\dit632_multithreading\debug\mt.ilk
c:\users\miros\documents\code\dit632_multithreading\debug\mt.pdb
c:\users\miros\documents\code\dit632_multithreading\debug\mt.tlog\cl.command.1.tlog
c:\users\miros\documents\code\dit632_multithreading\debug\mt.tlog\cl.read.1.tlog
c:\users\miros\documents\code\dit632_multithreading\debug\mt.tlog\cl.write.1.tlog
c:\users\miros\documents\code\dit632_multithreading\debug\mt.tlog\link.command.1.tlog
c:\users\miros\documents\code\dit632_multithreading\debug\mt.tlog\link.read.1.tlog
c:\users\miros\documents\code\dit632_multithreading\debug\mt.tlog\link.write.1.tlog
